#
# There is insufficient memory for the Java Runtime Environment to continue.
# Native memory allocation (mmap) failed to map 65536 bytes for Failed to commit metaspace.
# Possible reasons:
#   The system is out of physical RAM or swap space
#   The process is running with CompressedOops enabled, and the Java Heap may be blocking the growth of the native heap
# Possible solutions:
#   Reduce memory load on the system
#   Increase physical memory or swap space
#   Check if swap backing store is full
#   Decrease Java heap size (-Xmx/-Xms)
#   Decrease number of Java threads
#   Decrease Java thread stack sizes (-Xss)
#   Set larger code cache with -XX:ReservedCodeCacheSize=
#   JVM is running with Unscaled Compressed Oops mode in which the Java heap is
#     placed in the first 4GB address space. The Java Heap base address is the
#     maximum limit for the native heap growth. Please use -XX:HeapBaseMinAddress
#     to set the Java Heap base and to place the Java Heap above 4GB virtual address.
# This output file may be truncated or incomplete.
#
#  Out of Memory Error (virtualSpaceNode.cpp:110), pid=16200, tid=13712
#
# JRE version: Java(TM) SE Runtime Environment (19.0.2+7) (build 19.0.2+7-44)
# Java VM: Java HotSpot(TM) 64-Bit Server VM (19.0.2+7-44, mixed mode, sharing, tiered, compressed oops, compressed class ptrs, g1 gc, windows-amd64)
# No core dump will be written. Minidumps are not enabled by default on client versions of Windows
#

---------------  S U M M A R Y ------------

Command Line: -javaagent:C:\Program Files\JetBrains\IntelliJ IDEA 2023.1\lib\idea_rt.jar=14152:C:\Program Files\JetBrains\IntelliJ IDEA 2023.1\bin -Dfile.encoding=UTF-8 -Dsun.stdout.encoding=UTF-8 -Dsun.stderr.encoding=UTF-8 jm.task.core.jdbc.Main

Host: Intel(R) Core(TM) i3-6100 CPU @ 3.70GHz, 4 cores, 7G,  Windows 10 , 64 bit Build 19041 (10.0.19041.2251)
Time: Thu Mar 30 13:36:07 2023 RTZ 2 (s 10 , 64 bit Build 19041 (10.0.19041.2251) elapsed time: 1.219130 seconds (0d 0h 0m 1s)

---------------  T H R E A D  ---------------

Current thread (0x000001ed0fbedc00):  JavaThread "main" [_thread_in_vm, id=13712, stack(0x0000009c51900000,0x0000009c51a00000)]

Stack: [0x0000009c51900000,0x0000009c51a00000]
Native frames: (J=compiled Java code, j=interpreted, Vv=VM code, C=native code)
V  [jvm.dll+0x6ee21a]
V  [jvm.dll+0x85765e]
V  [jvm.dll+0x85904e]
V  [jvm.dll+0x859703]
V  [jvm.dll+0x28298f]
V  [jvm.dll+0x8532db]
V  [jvm.dll+0x692cb6]
V  [jvm.dll+0x692d1a]
V  [jvm.dll+0x695613]
V  [jvm.dll+0x6954de]
V  [jvm.dll+0x6936de]
V  [jvm.dll+0x26f591]
V  [jvm.dll+0x21ea57]
V  [jvm.dll+0x2146a1]
V  [jvm.dll+0x5a9cb6]
V  [jvm.dll+0x2257aa]
V  [jvm.dll+0x7cc802]
V  [jvm.dll+0x7cdc4a]
V  [jvm.dll+0x7cdf78]
V  [jvm.dll+0x271e1b]
V  [jvm.dll+0x3da25e]
C  0x000001ed1f09d307

Java frames: (J=compiled Java code, j=interpreted, Vv=VM code)
j  sun.security.provider.X509Factory.cachedGetX509Cert([B)Lsun/security/x509/X509CertImpl;+17 java.base@19.0.2
j  sun.security.provider.X509Factory.engineGenerateCertificate(Ljava/io/InputStream;)Ljava/security/cert/Certificate;+33 java.base@19.0.2
j  java.security.cert.CertificateFactory.generateCertificate(Ljava/io/InputStream;)Ljava/security/cert/Certificate;+5 java.base@19.0.2
j  sun.security.ssl.CertificateMessage$T13CertificateConsumer.checkServerCerts(Lsun/security/ssl/ClientHandshakeContext;Ljava/util/List;)[Ljava/security/cert/X509Certificate;+68 java.base@19.0.2
j  sun.security.ssl.CertificateMessage$T13CertificateConsumer.onConsumeCertificate(Lsun/security/ssl/ClientHandshakeContext;Lsun/security/ssl/CertificateMessage$T13CertificateMessage;)V+94 java.base@19.0.2
j  sun.security.ssl.CertificateMessage$T13CertificateConsumer.consume(Lsun/security/ssl/ConnectionContext;Ljava/nio/ByteBuffer;)V+78 java.base@19.0.2
j  sun.security.ssl.SSLHandshake.consume(Lsun/security/ssl/ConnectionContext;Ljava/nio/ByteBuffer;)V+13 java.base@19.0.2
j  sun.security.ssl.HandshakeContext.dispatch(BLjava/nio/ByteBuffer;)V+73 java.base@19.0.2
j  sun.security.ssl.HandshakeContext.dispatch(BLsun/security/ssl/Plaintext;)V+191 java.base@19.0.2
j  sun.security.ssl.TransportContext.dispatch(Lsun/security/ssl/Plaintext;)V+257 java.base@19.0.2
j  sun.security.ssl.SSLTransport.decode(Lsun/security/ssl/TransportContext;[Ljava/nio/ByteBuffer;II[Ljava/nio/ByteBuffer;II)Lsun/security/ssl/Plaintext;+281 java.base@19.0.2
j  sun.security.ssl.SSLSocketImpl.decode(Ljava/nio/ByteBuffer;)Lsun/security/ssl/Plaintext;+14 java.base@19.0.2
j  sun.security.ssl.SSLSocketImpl.readHandshakeRecord()I+12 java.base@19.0.2
j  sun.security.ssl.SSLSocketImpl.startHandshake(Z)V+122 java.base@19.0.2
j  sun.security.ssl.SSLSocketImpl.startHandshake()V+2 java.base@19.0.2
j  com.mysql.cj.protocol.ExportControlled.performTlsHandshake(Ljava/net/Socket;Lcom/mysql/cj/protocol/SocketConnection;Lcom/mysql/cj/ServerVersion;)Ljava/net/Socket;+228
j  com.mysql.cj.protocol.StandardSocketFactory.performTlsHandshake(Lcom/mysql/cj/protocol/SocketConnection;Lcom/mysql/cj/protocol/ServerSession;)Ljava/io/Closeable;+20
j  com.mysql.cj.protocol.a.NativeSocketConnection.performTlsHandshake(Lcom/mysql/cj/protocol/ServerSession;)V+7
j  com.mysql.cj.protocol.a.NativeProtocol.negotiateSSLConnection()V+121
j  com.mysql.cj.protocol.a.NativeAuthenticationProvider.connect(Lcom/mysql/cj/protocol/ServerSession;Ljava/lang/String;Ljava/lang/String;Ljava/lang/String;)V+712
j  com.mysql.cj.protocol.a.NativeProtocol.connect(Ljava/lang/String;Ljava/lang/String;Ljava/lang/String;)V+15
j  com.mysql.cj.NativeSession.connect(Lcom/mysql/cj/conf/HostInfo;Ljava/lang/String;Ljava/lang/String;Ljava/lang/String;ILcom/mysql/cj/TransactionEventHandler;)V+110
j  com.mysql.cj.jdbc.ConnectionImpl.connectOneTryOnly(Z)V+32
j  com.mysql.cj.jdbc.ConnectionImpl.createNewIO(Z)V+27
j  com.mysql.cj.jdbc.ConnectionImpl.<init>(Lcom/mysql/cj/conf/HostInfo;)V+753
j  com.mysql.cj.jdbc.ConnectionImpl.getInstance(Lcom/mysql/cj/conf/HostInfo;)Lcom/mysql/cj/jdbc/JdbcConnection;+5
j  com.mysql.cj.jdbc.NonRegisteringDriver.connect(Ljava/lang/String;Ljava/util/Properties;)Ljava/sql/Connection;+72
j  java.sql.DriverManager.getConnection(Ljava/lang/String;Ljava/util/Properties;Ljava/lang/Class;)Ljava/sql/Connection;+133 java.sql@19.0.2
j  java.sql.DriverManager.getConnection(Ljava/lang/String;Ljava/lang/String;Ljava/lang/String;)Ljava/sql/Connection;+37 java.sql@19.0.2
j  jm.task.core.jdbc.util.Util.getConnection()Ljava/sql/Connection;+14
j  jm.task.core.jdbc.Main.main([Ljava/lang/String;)V+0
v  ~StubRoutines::call_stub 0x000001ed1f07100e

---------------  P R O C E S S  ---------------

Threads class SMR info:
_java_thread_list=0x000001ed326b3fe0, length=15, elements={
0x000001ed0fbedc00, 0x000001ed2dbd0c30, 0x000001ed2dbd1bc0, 0x000001ed2dbd4c30,
0x000001ed2dbd8720, 0x000001ed2dbdbdb0, 0x000001ed2dbdeee0, 0x000001ed2dbe76e0,
0x000001ed2dbede20, 0x000001ed2dbe2400, 0x000001ed2dbdf430, 0x000001ed2dbe0ec0,
0x000001ed2dbe0420, 0x000001ed2dbdfed0, 0x000001ed326adae0
}

Java Threads: ( => current thread )
=>0x000001ed0fbedc00 JavaThread "main" [_thread_in_vm, id=13712, stack(0x0000009c51900000,0x0000009c51a00000)]
  0x000001ed2dbd0c30 JavaThread "Reference Handler" daemon [_thread_blocked, id=12888, stack(0x0000009c52000000,0x0000009c52100000)]
  0x000001ed2dbd1bc0 JavaThread "Finalizer" daemon [_thread_blocked, id=11640, stack(0x0000009c52100000,0x0000009c52200000)]
  0x000001ed2dbd4c30 JavaThread "Signal Dispatcher" daemon [_thread_blocked, id=14036, stack(0x0000009c52200000,0x0000009c52300000)]
  0x000001ed2dbd8720 JavaThread "Attach Listener" daemon [_thread_blocked, id=14488, stack(0x0000009c52300000,0x0000009c52400000)]
  0x000001ed2dbdbdb0 JavaThread "Service Thread" daemon [_thread_blocked, id=16160, stack(0x0000009c52400000,0x0000009c52500000)]
  0x000001ed2dbdeee0 JavaThread "Monitor Deflation Thread" daemon [_thread_blocked, id=13216, stack(0x0000009c52500000,0x0000009c52600000)]
  0x000001ed2dbe76e0 JavaThread "C2 CompilerThread0" daemon [_thread_blocked, id=16476, stack(0x0000009c52600000,0x0000009c52700000)]
  0x000001ed2dbede20 JavaThread "C1 CompilerThread0" daemon [_thread_blocked, id=16484, stack(0x0000009c52700000,0x0000009c52800000)]
  0x000001ed2dbe2400 JavaThread "Sweeper thread" daemon [_thread_blocked, id=17212, stack(0x0000009c52800000,0x0000009c52900000)]
  0x000001ed2dbdf430 JavaThread "Common-Cleaner" daemon [_thread_blocked, id=11792, stack(0x0000009c52900000,0x0000009c52a00000)]
  0x000001ed2dbe0ec0 JavaThread "Monitor Ctrl-Break" daemon [_thread_in_native, id=16976, stack(0x0000009c52b00000,0x0000009c52c00000)]
  0x000001ed2dbe0420 JavaThread "Notification Thread" daemon [_thread_blocked, id=14000, stack(0x0000009c52c00000,0x0000009c52d00000)]
  0x000001ed2dbdfed0 JavaThread "mysql-cj-abandoned-connection-cleanup" daemon [_thread_blocked, id=12480, stack(0x0000009c52e00000,0x0000009c52f00000)]
  0x000001ed326adae0 JavaThread "C2 CompilerThread1" daemon [_thread_blocked, id=17232, stack(0x0000009c52a00000,0x0000009c52b00000)]

Other Threads:
  0x000001ed2dbc09b0 VMThread "VM Thread" [stack: 0x0000009c51f00000,0x0000009c52000000] [id=16956]
  0x000001ed32251ea0 WatcherThread "VM Periodic Task Thread" [stack: 0x0000009c52d00000,0x0000009c52e00000] [id=13876]
  0x000001ed0fc4f890 WorkerThread "GC Thread#0" [stack: 0x0000009c51a00000,0x0000009c51b00000] [id=11588]
  0x000001ed325b4a60 WorkerThread "GC Thread#1" [stack: 0x0000009c52f00000,0x0000009c53000000] [id=11644]
  0x000001ed327528a0 WorkerThread "GC Thread#2" [stack: 0x0000009c53000000,0x0000009c53100000] [id=15912]
  0x000001ed327375e0 WorkerThread "GC Thread#3" [stack: 0x0000009c53100000,0x0000009c53200000] [id=9468]
  0x000001ed0fc60850 ConcurrentGCThread "G1 Main Marker" [stack: 0x0000009c51b00000,0x0000009c51c00000] [id=15272]
  0x000001ed0fc61e90 WorkerThread "G1 Conc#0" [stack: 0x0000009c51c00000,0x0000009c51d00000] [id=16588]
  0x000001ed0fc9e570 ConcurrentGCThread "G1 Refine#0" [stack: 0x0000009c51d00000,0x0000009c51e00000] [id=12380]
  0x000001ed2da79270 ConcurrentGCThread "G1 Service" [stack: 0x0000009c51e00000,0x0000009c51f00000] [id=17040]

Threads with active compile tasks:

VM state: not at safepoint (normal execution)

VM Mutex/Monitor currently owned by a thread:  ([mutex/lock_event])
[0x000001ed0fbdb710] Metaspace_lock - owner thread: 0x000001ed0fbedc00

Heap address: 0x0000000080a00000, size: 2038 MB, Compressed Oops mode: 32-bit

CDS archive(s) mapped at: [0x0000000800000000-0x0000000800c40000-0x0000000800c40000), size 12845056, SharedBaseAddress: 0x0000000800000000, ArchiveRelocationMode: 0.
Compressed class space mapped at: 0x0000000801000000-0x0000000841000000, reserved size: 1073741824
Narrow klass base: 0x0000000800000000, Narrow klass shift: 0, Narrow klass range: 0x100000000

GC Precious Log:
 CardTable entry size: 512
 Card Set container configuration: InlinePtr #cards 5 size 8 Array Of Cards #cards 12 size 40 Howl #buckets 4 coarsen threshold 1843 Howl Bitmap #cards 512 size 80 coarsen threshold 460 Card regions per heap region 1 cards per card region 2048
 CPUs: 4 total, 4 available
 Memory: 8150M
 Large Page Support: Disabled
 NUMA Support: Disabled
 Compressed Oops: Enabled (32-bit)
 Heap Region Size: 1M
 Heap Min Capacity: 8M
 Heap Initial Capacity: 128M
 Heap Max Capacity: 2038M
 Pre-touch: Disabled
 Parallel Workers: 4
 Concurrent Workers: 1
 Concurrent Refinement Workers: 4
 Periodic GC: Disabled

Heap:
 garbage-first heap   total 131072K, used 7200K [0x0000000080a00000, 0x0000000100000000)
  region size 1024K, 5 young (5120K), 2 survivors (2048K)
 Metaspace       used 8878K, committed 9088K, reserved 1114112K
  class space    used 915K, committed 1024K, reserved 1048576K

Heap Regions: E=young(eden), S=young(survivor), O=old, HS=humongous(starts), HC=humongous(continues), CS=collection set, F=free, OA=open archive, CA=closed archive, TAMS=top-at-mark-start (previous, next)
|   0|0x0000000080a00000, 0x0000000080b00000, 0x0000000080b00000|100%|HS|  |TAMS 0x0000000080a00000, 0x0000000080a00000| Complete 
|   1|0x0000000080b00000, 0x0000000080c00000, 0x0000000080c00000|100%| O|  |TAMS 0x0000000080b00000, 0x0000000080b00000| Untracked 
|   2|0x0000000080c00000, 0x0000000080d00000, 0x0000000080d00000|100%| O|  |TAMS 0x0000000080c00000, 0x0000000080c00000| Untracked 
|   3|0x0000000080d00000, 0x0000000080d08008, 0x0000000080e00000|  3%| O|  |TAMS 0x0000000080d00000, 0x0000000080d00000| Untracked 
|   4|0x0000000080e00000, 0x0000000080e00000, 0x0000000080f00000|  0%| F|  |TAMS 0x0000000080e00000, 0x0000000080e00000| Untracked 
|   5|0x0000000080f00000, 0x0000000080f00000, 0x0000000081000000|  0%| F|  |TAMS 0x0000000080f00000, 0x0000000080f00000| Untracked 
|   6|0x0000000081000000, 0x0000000081000000, 0x0000000081100000|  0%| F|  |TAMS 0x0000000081000000, 0x0000000081000000| Untracked 
|   7|0x0000000081100000, 0x0000000081100000, 0x0000000081200000|  0%| F|  |TAMS 0x0000000081100000, 0x0000000081100000| Untracked 
|   8|0x0000000081200000, 0x0000000081200000, 0x0000000081300000|  0%| F|  |TAMS 0x0000000081200000, 0x0000000081200000| Untracked 
|   9|0x0000000081300000, 0x0000000081300000, 0x0000000081400000|  0%| F|  |TAMS 0x0000000081300000, 0x0000000081300000| Untracked 
|  10|0x0000000081400000, 0x0000000081400000, 0x0000000081500000|  0%| F|  |TAMS 0x0000000081400000, 0x0000000081400000| Untracked 
|  11|0x0000000081500000, 0x0000000081500000, 0x0000000081600000|  0%| F|  |TAMS 0x0000000081500000, 0x0000000081500000| Untracked 
|  12|0x0000000081600000, 0x0000000081600000, 0x0000000081700000|  0%| F|  |TAMS 0x0000000081600000, 0x0000000081600000| Untracked 
|  13|0x0000000081700000, 0x0000000081700000, 0x0000000081800000|  0%| F|  |TAMS 0x0000000081700000, 0x0000000081700000| Untracked 
|  14|0x0000000081800000, 0x0000000081800000, 0x0000000081900000|  0%| F|  |TAMS 0x0000000081800000, 0x0000000081800000| Untracked 
|  15|0x0000000081900000, 0x0000000081900000, 0x0000000081a00000|  0%| F|  |TAMS 0x0000000081900000, 0x0000000081900000| Untracked 
|  16|0x0000000081a00000, 0x0000000081a00000, 0x0000000081b00000|  0%| F|  |TAMS 0x0000000081a00000, 0x0000000081a00000| Untracked 
|  17|0x0000000081b00000, 0x0000000081b00000, 0x0000000081c00000|  0%| F|  |TAMS 0x0000000081b00000, 0x0000000081b00000| Untracked 
|  18|0x0000000081c00000, 0x0000000081c00000, 0x0000000081d00000|  0%| F|  |TAMS 0x0000000081c00000, 0x0000000081c00000| Untracked 
|  19|0x0000000081d00000, 0x0000000081d00000, 0x0000000081e00000|  0%| F|  |TAMS 0x0000000081d00000, 0x0000000081d00000| Untracked 
|  20|0x0000000081e00000, 0x0000000081e00000, 0x0000000081f00000|  0%| F|  |TAMS 0x0000000081e00000, 0x0000000081e00000| Untracked 
|  21|0x0000000081f00000, 0x0000000081f00000, 0x0000000082000000|  0%| F|  |TAMS 0x0000000081f00000, 0x0000000081f00000| Untracked 
|  22|0x0000000082000000, 0x0000000082000000, 0x0000000082100000|  0%| F|  |TAMS 0x0000000082000000, 0x0000000082000000| Untracked 
|  23|0x0000000082100000, 0x0000000082100000, 0x0000000082200000|  0%| F|  |TAMS 0x0000000082100000, 0x0000000082100000| Untracked 
|  24|0x0000000082200000, 0x0000000082200000, 0x0000000082300000|  0%| F|  |TAMS 0x0000000082200000, 0x0000000082200000| Untracked 
|  25|0x0000000082300000, 0x0000000082300000, 0x0000000082400000|  0%| F|  |TAMS 0x0000000082300000, 0x0000000082300000| Untracked 
|  26|0x0000000082400000, 0x0000000082400000, 0x0000000082500000|  0%| F|  |TAMS 0x0000000082400000, 0x0000000082400000| Untracked 
|  27|0x0000000082500000, 0x0000000082500000, 0x0000000082600000|  0%| F|  |TAMS 0x0000000082500000, 0x0000000082500000| Untracked 
|  28|0x0000000082600000, 0x0000000082600000, 0x0000000082700000|  0%| F|  |TAMS 0x0000000082600000, 0x0000000082600000| Untracked 
|  29|0x0000000082700000, 0x0000000082700000, 0x0000000082800000|  0%| F|  |TAMS 0x0000000082700000, 0x0000000082700000| Untracked 
|  30|0x0000000082800000, 0x0000000082800000, 0x0000000082900000|  0%| F|  |TAMS 0x0000000082800000, 0x0000000082800000| Untracked 
|  31|0x0000000082900000, 0x0000000082900000, 0x0000000082a00000|  0%| F|  |TAMS 0x0000000082900000, 0x0000000082900000| Untracked 
|  32|0x0000000082a00000, 0x0000000082a00000, 0x0000000082b00000|  0%| F|  |TAMS 0x0000000082a00000, 0x0000000082a00000| Untracked 
|  33|0x0000000082b00000, 0x0000000082b00000, 0x0000000082c00000|  0%| F|  |TAMS 0x0000000082b00000, 0x0000000082b00000| Untracked 
|  34|0x0000000082c00000, 0x0000000082c00000, 0x0000000082d00000|  0%| F|  |TAMS 0x0000000082c00000, 0x0000000082c00000| Untracked 
|  35|0x0000000082d00000, 0x0000000082d00000, 0x0000000082e00000|  0%| F|  |TAMS 0x0000000082d00000, 0x0000000082d00000| Untracked 
|  36|0x0000000082e00000, 0x0000000082e00000, 0x0000000082f00000|  0%| F|  |TAMS 0x0000000082e00000, 0x0000000082e00000| Untracked 
|  37|0x0000000082f00000, 0x0000000082f00000, 0x0000000083000000|  0%| F|  |TAMS 0x0000000082f00000, 0x0000000082f00000| Untracked 
|  38|0x0000000083000000, 0x0000000083000000, 0x0000000083100000|  0%| F|  |TAMS 0x0000000083000000, 0x0000000083000000| Untracked 
|  39|0x0000000083100000, 0x0000000083100000, 0x0000000083200000|  0%| F|  |TAMS 0x0000000083100000, 0x0000000083100000| Untracked 
|  40|0x0000000083200000, 0x0000000083200000, 0x0000000083300000|  0%| F|  |TAMS 0x0000000083200000, 0x0000000083200000| Untracked 
|  41|0x0000000083300000, 0x0000000083300000, 0x0000000083400000|  0%| F|  |TAMS 0x0000000083300000, 0x0000000083300000| Untracked 
|  42|0x0000000083400000, 0x0000000083400000, 0x0000000083500000|  0%| F|  |TAMS 0x0000000083400000, 0x0000000083400000| Untracked 
|  43|0x0000000083500000, 0x0000000083500000, 0x0000000083600000|  0%| F|  |TAMS 0x0000000083500000, 0x0000000083500000| Untracked 
|  44|0x0000000083600000, 0x0000000083600000, 0x0000000083700000|  0%| F|  |TAMS 0x0000000083600000, 0x0000000083600000| Untracked 
|  45|0x0000000083700000, 0x0000000083700000, 0x0000000083800000|  0%| F|  |TAMS 0x0000000083700000, 0x0000000083700000| Untracked 
|  46|0x0000000083800000, 0x0000000083800000, 0x0000000083900000|  0%| F|  |TAMS 0x0000000083800000, 0x0000000083800000| Untracked 
|  47|0x0000000083900000, 0x0000000083900000, 0x0000000083a00000|  0%| F|  |TAMS 0x0000000083900000, 0x0000000083900000| Untracked 
|  48|0x0000000083a00000, 0x0000000083a00000, 0x0000000083b00000|  0%| F|  |TAMS 0x0000000083a00000, 0x0000000083a00000| Untracked 
|  49|0x0000000083b00000, 0x0000000083b00000, 0x0000000083c00000|  0%| F|  |TAMS 0x0000000083b00000, 0x0000000083b00000| Untracked 
|  50|0x0000000083c00000, 0x0000000083c00000, 0x0000000083d00000|  0%| F|  |TAMS 0x0000000083c00000, 0x0000000083c00000| Untracked 
|  51|0x0000000083d00000, 0x0000000083d00000, 0x0000000083e00000|  0%| F|  |TAMS 0x0000000083d00000, 0x0000000083d00000| Untracked 
|  52|0x0000000083e00000, 0x0000000083e00000, 0x0000000083f00000|  0%| F|  |TAMS 0x0000000083e00000, 0x0000000083e00000| Untracked 
|  53|0x0000000083f00000, 0x0000000083f00000, 0x0000000084000000|  0%| F|  |TAMS 0x0000000083f00000, 0x0000000083f00000| Untracked 
|  54|0x0000000084000000, 0x0000000084000000, 0x0000000084100000|  0%| F|  |TAMS 0x0000000084000000, 0x0000000084000000| Untracked 
|  55|0x0000000084100000, 0x0000000084100000, 0x0000000084200000|  0%| F|  |TAMS 0x0000000084100000, 0x0000000084100000| Untracked 
|  56|0x0000000084200000, 0x0000000084200000, 0x0000000084300000|  0%| F|  |TAMS 0x0000000084200000, 0x0000000084200000| Untracked 
|  57|0x0000000084300000, 0x0000000084300000, 0x0000000084400000|  0%| F|  |TAMS 0x0000000084300000, 0x0000000084300000| Untracked 
|  58|0x0000000084400000, 0x0000000084400000, 0x0000000084500000|  0%| F|  |TAMS 0x0000000084400000, 0x0000000084400000| Untracked 
|  59|0x0000000084500000, 0x0000000084500000, 0x0000000084600000|  0%| F|  |TAMS 0x0000000084500000, 0x0000000084500000| Untracked 
|  60|0x0000000084600000, 0x0000000084600000, 0x0000000084700000|  0%| F|  |TAMS 0x0000000084600000, 0x0000000084600000| Untracked 
|  61|0x0000000084700000, 0x0000000084700000, 0x0000000084800000|  0%| F|  |TAMS 0x0000000084700000, 0x0000000084700000| Untracked 
|  62|0x0000000084800000, 0x0000000084800000, 0x0000000084900000|  0%| F|  |TAMS 0x0000000084800000, 0x0000000084800000| Untracked 
|  63|0x0000000084900000, 0x0000000084900000, 0x0000000084a00000|  0%| F|  |TAMS 0x0000000084900000, 0x0000000084900000| Untracked 
|  64|0x0000000084a00000, 0x0000000084a00000, 0x0000000084b00000|  0%| F|  |TAMS 0x0000000084a00000, 0x0000000084a00000| Untracked 
|  65|0x0000000084b00000, 0x0000000084b00000, 0x0000000084c00000|  0%| F|  |TAMS 0x0000000084b00000, 0x0000000084b00000| Untracked 
|  66|0x0000000084c00000, 0x0000000084c00000, 0x0000000084d00000|  0%| F|  |TAMS 0x0000000084c00000, 0x0000000084c00000| Untracked 
|  67|0x0000000084d00000, 0x0000000084d00000, 0x0000000084e00000|  0%| F|  |TAMS 0x0000000084d00000, 0x0000000084d00000| Untracked 
|  68|0x0000000084e00000, 0x0000000084e00000, 0x0000000084f00000|  0%| F|  |TAMS 0x0000000084e00000, 0x0000000084e00000| Untracked 
|  69|0x0000000084f00000, 0x0000000084f00000, 0x0000000085000000|  0%| F|  |TAMS 0x0000000084f00000, 0x0000000084f00000| Untracked 
|  70|0x0000000085000000, 0x0000000085000000, 0x0000000085100000|  0%| F|  |TAMS 0x0000000085000000, 0x0000000085000000| Untracked 
|  71|0x0000000085100000, 0x0000000085100000, 0x0000000085200000|  0%| F|  |TAMS 0x0000000085100000, 0x0000000085100000| Untracked 
|  72|0x0000000085200000, 0x0000000085200000, 0x0000000085300000|  0%| F|  |TAMS 0x0000000085200000, 0x0000000085200000| Untracked 
|  73|0x0000000085300000, 0x0000000085300000, 0x0000000085400000|  0%| F|  |TAMS 0x0000000085300000, 0x0000000085300000| Untracked 
|  74|0x0000000085400000, 0x0000000085400000, 0x0000000085500000|  0%| F|  |TAMS 0x0000000085400000, 0x0000000085400000| Untracked 
|  75|0x0000000085500000, 0x0000000085500000, 0x0000000085600000|  0%| F|  |TAMS 0x0000000085500000, 0x0000000085500000| Untracked 
|  76|0x0000000085600000, 0x0000000085600000, 0x0000000085700000|  0%| F|  |TAMS 0x0000000085600000, 0x0000000085600000| Untracked 
|  77|0x0000000085700000, 0x0000000085700000, 0x0000000085800000|  0%| F|  |TAMS 0x0000000085700000, 0x0000000085700000| Untracked 
|  78|0x0000000085800000, 0x0000000085800000, 0x0000000085900000|  0%| F|  |TAMS 0x0000000085800000, 0x0000000085800000| Untracked 
|  79|0x0000000085900000, 0x0000000085900000, 0x0000000085a00000|  0%| F|  |TAMS 0x0000000085900000, 0x0000000085900000| Untracked 
|  80|0x0000000085a00000, 0x0000000085a00000, 0x0000000085b00000|  0%| F|  |TAMS 0x0000000085a00000, 0x0000000085a00000| Untracked 
|  81|0x0000000085b00000, 0x0000000085b00000, 0x0000000085c00000|  0%| F|  |TAMS 0x0000000085b00000, 0x0000000085b00000| Untracked 
|  82|0x0000000085c00000, 0x0000000085c00000, 0x0000000085d00000|  0%| F|  |TAMS 0x0000000085c00000, 0x0000000085c00000| Untracked 
|  83|0x0000000085d00000, 0x0000000085d00000, 0x0000000085e00000|  0%| F|  |TAMS 0x0000000085d00000, 0x0000000085d00000| Untracked 
|  84|0x0000000085e00000, 0x0000000085e00000, 0x0000000085f00000|  0%| F|  |TAMS 0x0000000085e00000, 0x0000000085e00000| Untracked 
|  85|0x0000000085f00000, 0x0000000085f00000, 0x0000000086000000|  0%| F|  |TAMS 0x0000000085f00000, 0x0000000085f00000| Untracked 
|  86|0x0000000086000000, 0x0000000086000000, 0x0000000086100000|  0%| F|  |TAMS 0x0000000086000000, 0x0000000086000000| Untracked 
|  87|0x0000000086100000, 0x0000000086100000, 0x0000000086200000|  0%| F|  |TAMS 0x0000000086100000, 0x0000000086100000| Untracked 
|  88|0x0000000086200000, 0x0000000086200000, 0x0000000086300000|  0%| F|  |TAMS 0x0000000086200000, 0x0000000086200000| Untracked 
|  89|0x0000000086300000, 0x0000000086300000, 0x0000000086400000|  0%| F|  |TAMS 0x0000000086300000, 0x0000000086300000| Untracked 
|  90|0x0000000086400000, 0x0000000086400000, 0x0000000086500000|  0%| F|  |TAMS 0x0000000086400000, 0x0000000086400000| Untracked 
|  91|0x0000000086500000, 0x0000000086500000, 0x0000000086600000|  0%| F|  |TAMS 0x0000000086500000, 0x0000000086500000| Untracked 
|  92|0x0000000086600000, 0x0000000086600000, 0x0000000086700000|  0%| F|  |TAMS 0x0000000086600000, 0x0000000086600000| Untracked 
|  93|0x0000000086700000, 0x0000000086700000, 0x0000000086800000|  0%| F|  |TAMS 0x0000000086700000, 0x0000000086700000| Untracked 
|  94|0x0000000086800000, 0x0000000086800000, 0x0000000086900000|  0%| F|  |TAMS 0x0000000086800000, 0x0000000086800000| Untracked 
|  95|0x0000000086900000, 0x0000000086900000, 0x0000000086a00000|  0%| F|  |TAMS 0x0000000086900000, 0x0000000086900000| Untracked 
|  96|0x0000000086a00000, 0x0000000086a00000, 0x0000000086b00000|  0%| F|  |TAMS 0x0000000086a00000, 0x0000000086a00000| Untracked 
|  97|0x0000000086b00000, 0x0000000086b00000, 0x0000000086c00000|  0%| F|  |TAMS 0x0000000086b00000, 0x0000000086b00000| Untracked 
|  98|0x0000000086c00000, 0x0000000086c00000, 0x0000000086d00000|  0%| F|  |TAMS 0x0000000086c00000, 0x0000000086c00000| Untracked 
|  99|0x0000000086d00000, 0x0000000086d00000, 0x0000000086e00000|  0%| F|  |TAMS 0x0000000086d00000, 0x0000000086d00000| Untracked 
| 100|0x0000000086e00000, 0x0000000086e00000, 0x0000000086f00000|  0%| F|  |TAMS 0x0000000086e00000, 0x0000000086e00000| Untracked 
| 101|0x0000000086f00000, 0x0000000086f00000, 0x0000000087000000|  0%| F|  |TAMS 0x0000000086f00000, 0x0000000086f00000| Untracked 
| 102|0x0000000087000000, 0x0000000087000000, 0x0000000087100000|  0%| F|  |TAMS 0x0000000087000000, 0x0000000087000000| Untracked 
| 103|0x0000000087100000, 0x0000000087100000, 0x0000000087200000|  0%| F|  |TAMS 0x0000000087100000, 0x0000000087100000| Untracked 
| 104|0x0000000087200000, 0x0000000087200000, 0x0000000087300000|  0%| F|  |TAMS 0x0000000087200000, 0x0000000087200000| Untracked 
| 105|0x0000000087300000, 0x0000000087300000, 0x0000000087400000|  0%| F|  |TAMS 0x0000000087300000, 0x0000000087300000| Untracked 
| 106|0x0000000087400000, 0x0000000087400000, 0x0000000087500000|  0%| F|  |TAMS 0x0000000087400000, 0x0000000087400000| Untracked 
| 107|0x0000000087500000, 0x0000000087500000, 0x0000000087600000|  0%| F|  |TAMS 0x0000000087500000, 0x0000000087500000| Untracked 
| 108|0x0000000087600000, 0x0000000087600000, 0x0000000087700000|  0%| F|  |TAMS 0x0000000087600000, 0x0000000087600000| Untracked 
| 109|0x0000000087700000, 0x0000000087700000, 0x0000000087800000|  0%| F|  |TAMS 0x0000000087700000, 0x0000000087700000| Untracked 
| 110|0x0000000087800000, 0x0000000087800000, 0x0000000087900000|  0%| F|  |TAMS 0x0000000087800000, 0x0000000087800000| Untracked 
| 111|0x0000000087900000, 0x0000000087900000, 0x0000000087a00000|  0%| F|  |TAMS 0x0000000087900000, 0x0000000087900000| Untracked 
| 112|0x0000000087a00000, 0x0000000087a00000, 0x0000000087b00000|  0%| F|  |TAMS 0x0000000087a00000, 0x0000000087a00000| Untracked 
| 113|0x0000000087b00000, 0x0000000087c00000, 0x0000000087c00000|100%| S|CS|TAMS 0x0000000087b00000, 0x0000000087b00000| Complete 
| 114|0x0000000087c00000, 0x0000000087d00000, 0x0000000087d00000|100%| S|CS|TAMS 0x0000000087c00000, 0x0000000087c00000| Complete 
| 115|0x0000000087d00000, 0x0000000087d00000, 0x0000000087e00000|  0%| F|  |TAMS 0x0000000087d00000, 0x0000000087d00000| Untracked 
| 116|0x0000000087e00000, 0x0000000087e00000, 0x0000000087f00000|  0%| F|  |TAMS 0x0000000087e00000, 0x0000000087e00000| Untracked 
| 117|0x0000000087f00000, 0x0000000087f00000, 0x0000000088000000|  0%| F|  |TAMS 0x0000000087f00000, 0x0000000087f00000| Untracked 
| 118|0x0000000088000000, 0x0000000088000000, 0x0000000088100000|  0%| F|  |TAMS 0x0000000088000000, 0x0000000088000000| Untracked 
| 119|0x0000000088100000, 0x0000000088100000, 0x0000000088200000|  0%| F|  |TAMS 0x0000000088100000, 0x0000000088100000| Untracked 
| 120|0x0000000088200000, 0x0000000088200000, 0x0000000088300000|  0%| F|  |TAMS 0x0000000088200000, 0x0000000088200000| Untracked 
| 121|0x0000000088300000, 0x0000000088300000, 0x0000000088400000|  0%| F|  |TAMS 0x0000000088300000, 0x0000000088300000| Untracked 
| 122|0x0000000088400000, 0x0000000088400000, 0x0000000088500000|  0%| F|  |TAMS 0x0000000088400000, 0x0000000088400000| Untracked 
| 123|0x0000000088500000, 0x0000000088500000, 0x0000000088600000|  0%| F|  |TAMS 0x0000000088500000, 0x0000000088500000| Untracked 
| 124|0x0000000088600000, 0x0000000088600000, 0x0000000088700000|  0%| F|  |TAMS 0x0000000088600000, 0x0000000088600000| Untracked 
| 125|0x0000000088700000, 0x0000000088734df8, 0x0000000088800000| 20%| E|  |TAMS 0x0000000088700000, 0x0000000088700000| Complete 
| 126|0x0000000088800000, 0x0000000088900000, 0x0000000088900000|100%| E|CS|TAMS 0x0000000088800000, 0x0000000088800000| Complete 
| 127|0x0000000088900000, 0x0000000088a00000, 0x0000000088a00000|100%| E|CS|TAMS 0x0000000088900000, 0x0000000088900000| Complete 

Card table byte_map: [0x000001ed26f40000,0x000001ed27340000] _byte_map_base: 0x000001ed26b3b000

Marking Bits (Prev, Next): (CMBitMap*) 0x000001ed0fc4fec0, (CMBitMap*) 0x000001ed0fc4ff00
 Prev Bits: [0x000001ed27740000, 0x000001ed29718000)
 Next Bits: [0x000001ed29720000, 0x000001ed2b6f8000)

Polling page: 0x000001ed0da80000

Metaspace:

Usage:
  Non-class:      7.78 MB used.
      Class:    915.59 KB used.
       Both:      8.67 MB used.

Virtual space:
  Non-class space:       64.00 MB reserved,       7.88 MB ( 12%) committed,  1 nodes.
      Class space:        1.00 GB reserved,       1.00 MB ( <1%) committed,  1 nodes.
             Both:        1.06 GB reserved,       8.88 MB ( <1%) committed. 

Chunk freelists:
   Non-Class:  126.00 KB
       Class:  3.01 MB
        Both:  3.14 MB

MaxMetaspaceSize: unlimited
CompressedClassSpaceSize: 1.00 GB
Initial GC threshold: 21.00 MB
Current GC threshold: 21.00 MB
CDS: on
MetaspaceReclaimPolicy: balanced
 - commit_granule_bytes: 65536.
 - commit_granule_words: 8192.
 - virtual_space_node_default_size: 8388608.
 - enlarge_chunks_in_place: 1.
 - new_chunks_are_fully_committed: 0.
 - uncommit_free_chunks: 1.
 - use_allocation_guard: 0.


Internal statistics:

num_allocs_failed_limit: 0.
num_arena_births: 70.
num_arena_deaths: 0.
num_vsnodes_births: 2.
num_vsnodes_deaths: 0.
num_space_committed: 142.
num_space_uncommitted: 0.
num_chunks_returned_to_freelist: 0.
num_chunks_taken_from_freelist: 193.
num_chunk_merges: 0.
num_chunk_splits: 126.
num_chunks_enlarged: 92.
num_inconsistent_stats: 0.

CodeHeap 'non-profiled nmethods': size=120000Kb used=436Kb max_used=436Kb free=119563Kb
 bounds [0x000001ed1f610000, 0x000001ed1f880000, 0x000001ed26b40000]
CodeHeap 'profiled nmethods': size=120000Kb used=1774Kb max_used=1774Kb free=118225Kb
 bounds [0x000001ed17b40000, 0x000001ed17db0000, 0x000001ed1f070000]
CodeHeap 'non-nmethods': size=5760Kb used=1305Kb max_used=1331Kb free=4454Kb
 bounds [0x000001ed1f070000, 0x000001ed1f2e0000, 0x000001ed1f610000]
 total_blobs=1659 nmethods=1133 adapters=437
 compilation: enabled
              stopped_count=0, restarted_count=0
 full_count=0

Compilation events (20 events):
Event: 1.205 Thread 0x000001ed2dbede20 1123       3       java.lang.Long::reverseBytes (46 bytes)
Event: 1.205 Thread 0x000001ed2dbede20 nmethod 1123 0x000001ed17cf8710 code [0x000001ed17cf88a0, 0x000001ed17cf89f8]
Event: 1.205 Thread 0x000001ed2dbede20 1124       3       java.lang.invoke.VarHandleByteArrayAsLongs$ArrayHandle::get (36 bytes)
Event: 1.205 Thread 0x000001ed2dbede20 nmethod 1124 0x000001ed17cf8a90 code [0x000001ed17cf8c60, 0x000001ed17cf90a8]
Event: 1.205 Thread 0x000001ed2dbede20 1125       3       jdk.internal.misc.Unsafe::getLongUnaligned (12 bytes)
Event: 1.206 Thread 0x000001ed2dbede20 nmethod 1125 0x000001ed17cf9290 code [0x000001ed17cf9440, 0x000001ed17cf9628]
Event: 1.206 Thread 0x000001ed2dbede20 1126       3       jdk.internal.misc.Unsafe::getLongUnaligned (173 bytes)
Event: 1.206 Thread 0x000001ed2dbede20 nmethod 1126 0x000001ed17cf9710 code [0x000001ed17cf9900, 0x000001ed17cf9d28]
Event: 1.208 Thread 0x000001ed2dbede20 1128       3       java.nio.Buffer::remaining (20 bytes)
Event: 1.208 Thread 0x000001ed2dbede20 nmethod 1128 0x000001ed17cf9e10 code [0x000001ed17cf9fc0, 0x000001ed17cfa158]
Event: 1.211 Thread 0x000001ed2dbede20 1129       3       java.nio.Buffer::hasRemaining (17 bytes)
Event: 1.211 Thread 0x000001ed2dbede20 nmethod 1129 0x000001ed17cfa210 code [0x000001ed17cfa3a0, 0x000001ed17cfa518]
Event: 1.212 Thread 0x000001ed2dbede20 1130       3       java.nio.MappedByteBuffer::position (8 bytes)
Event: 1.212 Thread 0x000001ed2dbede20 nmethod 1130 0x000001ed17cfa590 code [0x000001ed17cfa740, 0x000001ed17cfa8e8]
Event: 1.212 Thread 0x000001ed2dbede20 1131       3       java.util.Collections$UnmodifiableCollection::isEmpty (10 bytes)
Event: 1.212 Thread 0x000001ed2dbede20 nmethod 1131 0x000001ed17cfa990 code [0x000001ed17cfab40, 0x000001ed17cfad08]
Event: 1.212 Thread 0x000001ed2dbede20 1132       3       java.nio.MappedByteBuffer::limit (8 bytes)
Event: 1.213 Thread 0x000001ed2dbede20 nmethod 1132 0x000001ed17cfae10 code [0x000001ed17cfafc0, 0x000001ed17cfb168]
Event: 1.215 Thread 0x000001ed2dbede20 1133       3       com.sun.crypto.provider.GHASH::blockMult (245 bytes)
Event: 1.215 Thread 0x000001ed2dbede20 nmethod 1133 0x000001ed17cfb210 code [0x000001ed17cfb3e0, 0x000001ed17cfb838]

GC Heap History (2 events):
Event: 0.987 GC heap before
{Heap before GC invocations=0 (full 0):
 garbage-first heap   total 131072K, used 14336K [0x0000000080a00000, 0x0000000100000000)
  region size 1024K, 13 young (13312K), 0 survivors (0K)
 Metaspace       used 6082K, committed 6272K, reserved 1114112K
  class space    used 598K, committed 704K, reserved 1048576K
}
Event: 0.994 GC heap after
{Heap after GC invocations=1 (full 0):
 garbage-first heap   total 131072K, used 5152K [0x0000000080a00000, 0x0000000100000000)
  region size 1024K, 2 young (2048K), 2 survivors (2048K)
 Metaspace       used 6082K, committed 6272K, reserved 1114112K
  class space    used 598K, committed 704K, reserved 1048576K
}

Dll operation events (11 events):
Event: 0.023 Loaded shared library C:\Program Files\Java\jdk-19\bin\java.dll
Event: 0.036 Loaded shared library C:\Program Files\Java\jdk-19\bin\jsvml.dll
Event: 0.133 Loaded shared library C:\Program Files\Java\jdk-19\bin\zip.dll
Event: 0.135 Loaded shared library C:\Program Files\Java\jdk-19\bin\instrument.dll
Event: 0.148 Loaded shared library C:\Program Files\Java\jdk-19\bin\net.dll
Event: 0.150 Loaded shared library C:\Program Files\Java\jdk-19\bin\nio.dll
Event: 0.157 Loaded shared library C:\Program Files\Java\jdk-19\bin\zip.dll
Event: 0.216 Loaded shared library C:\Program Files\JetBrains\IntelliJ IDEA 2023.1\bin\breakgen64.dll
Event: 0.223 Loaded shared library C:\Program Files\Java\jdk-19\bin\jimage.dll
Event: 0.229 Loaded shared library C:\Program Files\Java\jdk-19\bin\extnet.dll
Event: 1.064 Loaded shared library C:\Program Files\Java\jdk-19\bin\sunmscapi.dll

Deoptimization events (20 events):
Event: 1.190 Thread 0x000001ed0fbedc00 Uncommon trap: trap_request=0xffffffbe fr.pc=0x000001ed1f6731cc relative=0x000000000000030c
Event: 1.190 Thread 0x000001ed0fbedc00 Uncommon trap: reason=profile_predicate action=maybe_recompile pc=0x000001ed1f6731cc method=java.util.regex.Pattern$SliceI.match(Ljava/util/regex/Matcher;ILjava/lang/CharSequence;)Z @ 18 c2
Event: 1.190 Thread 0x000001ed0fbedc00 DEOPT PACKING pc=0x000001ed1f6731cc sp=0x0000009c519fdd40
Event: 1.190 Thread 0x000001ed0fbedc00 DEOPT UNPACKING pc=0x000001ed1f0d6da3 sp=0x0000009c519fdca8 mode 2
Event: 1.190 Thread 0x000001ed0fbedc00 Uncommon trap: trap_request=0xffffffbe fr.pc=0x000001ed1f6731cc relative=0x000000000000030c
Event: 1.190 Thread 0x000001ed0fbedc00 Uncommon trap: reason=profile_predicate action=maybe_recompile pc=0x000001ed1f6731cc method=java.util.regex.Pattern$SliceI.match(Ljava/util/regex/Matcher;ILjava/lang/CharSequence;)Z @ 18 c2
Event: 1.190 Thread 0x000001ed0fbedc00 DEOPT PACKING pc=0x000001ed1f6731cc sp=0x0000009c519fdd40
Event: 1.190 Thread 0x000001ed0fbedc00 DEOPT UNPACKING pc=0x000001ed1f0d6da3 sp=0x0000009c519fdca8 mode 2
Event: 1.190 Thread 0x000001ed0fbedc00 Uncommon trap: trap_request=0xffffffbe fr.pc=0x000001ed1f6731cc relative=0x000000000000030c
Event: 1.190 Thread 0x000001ed0fbedc00 Uncommon trap: reason=profile_predicate action=maybe_recompile pc=0x000001ed1f6731cc method=java.util.regex.Pattern$SliceI.match(Ljava/util/regex/Matcher;ILjava/lang/CharSequence;)Z @ 18 c2
Event: 1.190 Thread 0x000001ed0fbedc00 DEOPT PACKING pc=0x000001ed1f6731cc sp=0x0000009c519fdd40
Event: 1.190 Thread 0x000001ed0fbedc00 DEOPT UNPACKING pc=0x000001ed1f0d6da3 sp=0x0000009c519fdca8 mode 2
Event: 1.190 Thread 0x000001ed0fbedc00 Uncommon trap: trap_request=0xffffffbe fr.pc=0x000001ed1f674fbc relative=0x0000000000000b1c
Event: 1.190 Thread 0x000001ed0fbedc00 Uncommon trap: reason=profile_predicate action=maybe_recompile pc=0x000001ed1f674fbc method=java.util.regex.Pattern$SliceI.match(Ljava/util/regex/Matcher;ILjava/lang/CharSequence;)Z @ 18 c2
Event: 1.190 Thread 0x000001ed0fbedc00 DEOPT PACKING pc=0x000001ed1f674fbc sp=0x0000009c519fde20
Event: 1.190 Thread 0x000001ed0fbedc00 DEOPT UNPACKING pc=0x000001ed1f0d6da3 sp=0x0000009c519fdc98 mode 2
Event: 1.190 Thread 0x000001ed0fbedc00 Uncommon trap: trap_request=0xffffffbe fr.pc=0x000001ed1f6731cc relative=0x000000000000030c
Event: 1.190 Thread 0x000001ed0fbedc00 Uncommon trap: reason=profile_predicate action=maybe_recompile pc=0x000001ed1f6731cc method=java.util.regex.Pattern$SliceI.match(Ljava/util/regex/Matcher;ILjava/lang/CharSequence;)Z @ 18 c2
Event: 1.190 Thread 0x000001ed0fbedc00 DEOPT PACKING pc=0x000001ed1f6731cc sp=0x0000009c519fdd20
Event: 1.190 Thread 0x000001ed0fbedc00 DEOPT UNPACKING pc=0x000001ed1f0d6da3 sp=0x0000009c519fdc88 mode 2

Classes loaded (20 events):
Event: 1.211 Loading class sun/security/ssl/EncryptedExtensions$EncryptedExtensionsMessage done
Event: 1.212 Loading class sun/security/ssl/CertificateRequest$T13CertificateRequestMessage
Event: 1.212 Loading class sun/security/ssl/CertificateRequest$T13CertificateRequestMessage done
Event: 1.215 Loading class sun/security/ssl/CertificateMessage$T13CertificateMessage
Event: 1.216 Loading class sun/security/ssl/CertificateMessage$T13CertificateMessage done
Event: 1.216 Loading class sun/security/ssl/CertificateMessage$CertificateEntry
Event: 1.216 Loading class sun/security/ssl/CertificateMessage$CertificateEntry done
Event: 1.216 Loading class java/security/cert/X509Certificate
Event: 1.216 Loading class java/security/cert/X509Extension
Event: 1.216 Loading class java/security/cert/X509Extension done
Event: 1.216 Loading class java/security/cert/X509Certificate done
Event: 1.216 Loading class java/security/cert/CertificateFactory
Event: 1.216 Loading class java/security/cert/CertificateFactory done
Event: 1.216 Loading class java/security/cert/CertificateFactorySpi
Event: 1.216 Loading class java/security/cert/CertificateFactorySpi done
Event: 1.216 Loading class sun/security/provider/X509Factory
Event: 1.217 Loading class sun/security/provider/X509Factory done
Event: 1.217 Loading class sun/security/util/Cache$EqualByteArray
Event: 1.217 Loading class sun/security/util/Cache$EqualByteArray done
Event: 1.217 Loading class sun/security/x509/X509CertImpl

Classes unloaded (0 events):
No events

Classes redefined (0 events):
No events

Internal exceptions (13 events):
Event: 0.200 Thread 0x000001ed0fbedc00 Exception <a 'java/lang/NoSuchMethodError'{0x0000000088639330}: 'void java.lang.invoke.DirectMethodHandle$Holder.invokeStatic(java.lang.Object, java.lang.Object, java.lang.Object)'> (0x0000000088639330) 
thrown [s\open\src\hotspot\share\interpreter\linkResolver.cpp, line 774]
Event: 0.209 Thread 0x000001ed0fbedc00 Exception <a 'java/lang/NoSuchMethodError'{0x0000000088651928}: 'java.lang.Object java.lang.invoke.Invokers$Holder.invokeExact_MT(java.lang.Object, java.lang.Object, java.lang.Object, java.lang.Object, java.lang.Object)'> (0x0000000088651928) 
thrown [s\open\src\hotspot\share\interpreter\linkResolver.cpp, line 774]
Event: 0.231 Thread 0x000001ed2dbe0ec0 Exception <a 'java/lang/NoSuchMethodError'{0x00000000886a29b8}: 'void java.lang.invoke.DirectMethodHandle$Holder.invokeStatic(java.lang.Object, java.lang.Object)'> (0x00000000886a29b8) 
thrown [s\open\src\hotspot\share\interpreter\linkResolver.cpp, line 774]
Event: 0.334 Thread 0x000001ed0fbedc00 Exception <a 'java/lang/NoSuchMethodError'{0x000000008842dc08}: 'java.lang.Object java.lang.invoke.DirectMethodHandle$Holder.invokeStaticInit(java.lang.Object)'> (0x000000008842dc08) 
thrown [s\open\src\hotspot\share\interpreter\linkResolver.cpp, line 774]
Event: 0.336 Thread 0x000001ed0fbedc00 Exception <a 'java/lang/NoSuchMethodError'{0x0000000088433d08}: 'java.lang.Object java.lang.invoke.DirectMethodHandle$Holder.invokeInterface(java.lang.Object, java.lang.Object)'> (0x0000000088433d08) 
thrown [s\open\src\hotspot\share\interpreter\linkResolver.cpp, line 774]
Event: 0.396 Thread 0x000001ed0fbedc00 Exception <a 'java/lang/NoSuchMethodError'{0x00000000884adc60}: 'void java.lang.invoke.DirectMethodHandle$Holder.invokeSpecial(java.lang.Object, java.lang.Object, java.lang.Object)'> (0x00000000884adc60) 
thrown [s\open\src\hotspot\share\interpreter\linkResolver.cpp, line 774]
Event: 0.406 Thread 0x000001ed0fbedc00 Exception <a 'java/lang/NoSuchMethodError'{0x00000000884babc8}: 'java.lang.Object java.lang.invoke.DirectMethodHandle$Holder.invokeVirtual(java.lang.Object, java.lang.Object, java.lang.Object)'> (0x00000000884babc8) 
thrown [s\open\src\hotspot\share\interpreter\linkResolver.cpp, line 774]
Event: 0.750 Thread 0x000001ed0fbedc00 Exception <a 'java/lang/NoSuchMethodError'{0x00000000880ed860}: 'void java.lang.invoke.DirectMethodHandle$Holder.invokeStaticInit(java.lang.Object, java.lang.Object)'> (0x00000000880ed860) 
thrown [s\open\src\hotspot\share\interpreter\linkResolver.cpp, line 774]
Event: 0.877 Thread 0x000001ed0fbedc00 Exception <a 'sun/nio/fs/WindowsException'{0x0000000087ea15a8}> (0x0000000087ea15a8) 
thrown [s\open\src\hotspot\share\prims\jni.cpp, line 517]
Event: 0.946 Thread 0x000001ed0fbedc00 Exception <a 'java/lang/NoSuchMethodError'{0x0000000087d5a858}: 'java.lang.Object java.lang.invoke.DirectMethodHandle$Holder.invokeStaticInit(java.lang.Object, int, int, int, int)'> (0x0000000087d5a858) 
thrown [s\open\src\hotspot\share\interpreter\linkResolver.cpp, line 774]
Event: 1.006 Thread 0x000001ed2dbd8720 Exception <a 'java/lang/NoSuchMethodError'{0x000000008897fc10}: 'java.lang.Object java.lang.invoke.Invokers$Holder.invokeExact_MT(java.lang.Object, java.lang.Object, java.lang.Object, java.lang.Object, java.lang.Object, java.lang.Object)'> (0x000000008897fc10) 
thrown [s\open\src\hotspot\share\interpreter\linkResolver.cpp, line 774]
Event: 1.036 Thread 0x000001ed0fbedc00 Exception <a 'java/lang/NoSuchMethodError'{0x000000008880af50}: 'java.lang.Object java.lang.invoke.DirectMethodHandle$Holder.invokeStaticInit(java.lang.Object, java.lang.Object, int, int, int, int)'> (0x000000008880af50) 
thrown [s\open\src\hotspot\share\interpreter\linkResolver.cpp, line 774]
Event: 1.198 Thread 0x000001ed0fbedc00 Exception <a 'java/lang/NoSuchMethodError'{0x00000000888ec8a0}: 'void java.lang.invoke.DirectMethodHandle$Holder.invokeVirtual(java.lang.Object, java.lang.Object)'> (0x00000000888ec8a0) 
thrown [s\open\src\hotspot\share\interpreter\linkResolver.cpp, line 774]

VM Operations (20 events):
Event: 0.113 Executing VM operation: HandshakeAllThreads
Event: 0.113 Executing VM operation: HandshakeAllThreads done
Event: 0.220 Executing VM operation: HandshakeAllThreads
Event: 0.220 Executing VM operation: HandshakeAllThreads done
Event: 0.266 Executing VM operation: HandshakeAllThreads
Event: 0.266 Executing VM operation: HandshakeAllThreads done
Event: 0.281 Executing VM operation: HandshakeAllThreads
Event: 0.281 Executing VM operation: HandshakeAllThreads done
Event: 0.385 Executing VM operation: HandshakeAllThreads
Event: 0.385 Executing VM operation: HandshakeAllThreads done
Event: 0.835 Executing VM operation: HandshakeAllThreads
Event: 0.835 Executing VM operation: HandshakeAllThreads done
Event: 0.892 Executing VM operation: HandshakeAllThreads
Event: 0.892 Executing VM operation: HandshakeAllThreads done
Event: 0.987 Executing VM operation: G1CollectForAllocation
Event: 0.994 Executing VM operation: G1CollectForAllocation done
Event: 0.995 Executing VM operation: HandshakeAllThreads
Event: 0.995 Executing VM operation: HandshakeAllThreads done
Event: 1.216 Executing VM operation: HandshakeAllThreads
Event: 1.216 Executing VM operation: HandshakeAllThreads done

Events (17 events):
Event: 0.037 Thread 0x000001ed0fbedc00 Thread added: 0x000001ed0fbedc00
Event: 0.057 Thread 0x000001ed2dbd0c30 Thread added: 0x000001ed2dbd0c30
Event: 0.057 Thread 0x000001ed2dbd1bc0 Thread added: 0x000001ed2dbd1bc0
Event: 0.058 Thread 0x000001ed2dbd4c30 Thread added: 0x000001ed2dbd4c30
Event: 0.058 Thread 0x000001ed2dbd8720 Thread added: 0x000001ed2dbd8720
Event: 0.058 Thread 0x000001ed2dbdbdb0 Thread added: 0x000001ed2dbdbdb0
Event: 0.058 Thread 0x000001ed2dbdeee0 Thread added: 0x000001ed2dbdeee0
Event: 0.058 Thread 0x000001ed2dbe76e0 Thread added: 0x000001ed2dbe76e0
Event: 0.058 Thread 0x000001ed2dbede20 Thread added: 0x000001ed2dbede20
Event: 0.059 Thread 0x000001ed2dbe2400 Thread added: 0x000001ed2dbe2400
Event: 0.099 Thread 0x000001ed2dbdf430 Thread added: 0x000001ed2dbdf430
Event: 0.171 Thread 0x000001ed32187600 Thread added: 0x000001ed32187600
Event: 0.217 Thread 0x000001ed2dbe0ec0 Thread added: 0x000001ed2dbe0ec0
Event: 0.217 Thread 0x000001ed2dbe0420 Thread added: 0x000001ed2dbe0420
Event: 0.271 Thread 0x000001ed2dbdfed0 Thread added: 0x000001ed2dbdfed0
Event: 0.525 Thread 0x000001ed32187600 Thread exited: 0x000001ed32187600
Event: 0.761 Thread 0x000001ed326adae0 Thread added: 0x000001ed326adae0


Dynamic libraries:
0x00007ff748bb0000 - 0x00007ff748bc0000 	C:\Program Files\Java\jdk-19\bin\java.exe
0x00007ff954210000 - 0x00007ff954408000 	C:\WINDOWS\SYSTEM32\ntdll.dll
0x00007ff9526e0000 - 0x00007ff95279f000 	C:\WINDOWS\System32\KERNEL32.DLL
0x00007ff951c90000 - 0x00007ff951f62000 	C:\WINDOWS\System32\KERNELBASE.dll
0x00007ff951f70000 - 0x00007ff952070000 	C:\WINDOWS\System32\ucrtbase.dll
0x00007ff93eec0000 - 0x00007ff93eed8000 	C:\Program Files\Java\jdk-19\bin\jli.dll
0x00007ff9451f0000 - 0x00007ff94520b000 	C:\Program Files\Java\jdk-19\bin\VCRUNTIME140.dll
0x00007ff952490000 - 0x00007ff95253e000 	C:\WINDOWS\System32\ADVAPI32.dll
0x00007ff954000000 - 0x00007ff95409e000 	C:\WINDOWS\System32\msvcrt.dll
0x00007ff9537d0000 - 0x00007ff95386c000 	C:\WINDOWS\System32\sechost.dll
0x00007ff9529d0000 - 0x00007ff952af5000 	C:\WINDOWS\System32\RPCRT4.dll
0x00007ff952800000 - 0x00007ff95299d000 	C:\WINDOWS\System32\USER32.dll
0x00007ff952070000 - 0x00007ff952092000 	C:\WINDOWS\System32\win32u.dll
0x00007ff93d3d0000 - 0x00007ff93d66a000 	C:\WINDOWS\WinSxS\amd64_microsoft.windows.common-controls_6595b64144ccf1df_6.0.19041.1110_none_60b5254171f9507e\COMCTL32.dll
0x00007ff9529a0000 - 0x00007ff9529cb000 	C:\WINDOWS\System32\GDI32.dll
0x00007ff951b80000 - 0x00007ff951c8f000 	C:\WINDOWS\System32\gdi32full.dll
0x00007ff951ae0000 - 0x00007ff951b7d000 	C:\WINDOWS\System32\msvcp_win.dll
0x00007ff9513e0000 - 0x00007ff9513ea000 	C:\WINDOWS\SYSTEM32\VERSION.dll
0x00007ff953870000 - 0x00007ff9538a2000 	C:\WINDOWS\System32\IMM32.DLL
0x000000005dc30000 - 0x000000005dc3c000 	C:\Program Files (x86)\360\Total Security\safemon\SafeWrapper.dll
0x00007ff931590000 - 0x00007ff931622000 	C:\Program Files (x86)\360\Total Security\safemon\libzdtp64.dll
0x00007ff9538b0000 - 0x00007ff953ff3000 	C:\WINDOWS\System32\SHELL32.dll
0x00007ff952670000 - 0x00007ff9526c5000 	C:\WINDOWS\System32\SHLWAPI.dll
0x00007ff93eeb0000 - 0x00007ff93eebc000 	C:\Program Files\Java\jdk-19\bin\vcruntime140_1.dll
0x00007ff91a750000 - 0x00007ff91a7de000 	C:\Program Files\Java\jdk-19\bin\msvcp140.dll
0x00007ff913980000 - 0x00007ff914640000 	C:\Program Files\Java\jdk-19\bin\server\jvm.dll
0x00007ff93f6c0000 - 0x00007ff93f6e7000 	C:\WINDOWS\SYSTEM32\WINMM.dll
0x00007ff939080000 - 0x00007ff939089000 	C:\WINDOWS\SYSTEM32\WSOCK32.dll
0x00007ff952c30000 - 0x00007ff952c9b000 	C:\WINDOWS\System32\WS2_32.dll
0x00007ff94f780000 - 0x00007ff94f792000 	C:\WINDOWS\SYSTEM32\kernel.appcore.dll
0x00007ff93eea0000 - 0x00007ff93eeaa000 	C:\Program Files\Java\jdk-19\bin\jimage.dll
0x00007ff93dc80000 - 0x00007ff93de64000 	C:\WINDOWS\SYSTEM32\DBGHELP.DLL
0x00007ff933de0000 - 0x00007ff933e0c000 	C:\WINDOWS\SYSTEM32\dbgcore.DLL
0x00007ff952120000 - 0x00007ff9521a2000 	C:\WINDOWS\System32\bcryptPrimitives.dll
0x00007ff9451c0000 - 0x00007ff9451ce000 	C:\Program Files\Java\jdk-19\bin\instrument.dll
0x00007ff931630000 - 0x00007ff931656000 	C:\Program Files\Java\jdk-19\bin\java.dll
0x00007ff91a670000 - 0x00007ff91a747000 	C:\Program Files\Java\jdk-19\bin\jsvml.dll
0x00007ff94f980000 - 0x00007ff950112000 	C:\WINDOWS\SYSTEM32\windows.storage.dll
0x00007ff952ca0000 - 0x00007ff952ff4000 	C:\WINDOWS\System32\combase.dll
0x00007ff951220000 - 0x00007ff951250000 	C:\WINDOWS\SYSTEM32\Wldp.dll
0x00007ff9540a0000 - 0x00007ff95414d000 	C:\WINDOWS\System32\SHCORE.dll
0x00007ff951850000 - 0x00007ff95186f000 	C:\WINDOWS\SYSTEM32\profapi.dll
0x00007ff931550000 - 0x00007ff931568000 	C:\Program Files\Java\jdk-19\bin\zip.dll
0x00007ff935d00000 - 0x00007ff935d13000 	C:\Program Files\Java\jdk-19\bin\net.dll
0x00007ff9487d0000 - 0x00007ff9488dc000 	C:\WINDOWS\SYSTEM32\WINHTTP.dll
0x00007ff950f80000 - 0x00007ff950fea000 	C:\WINDOWS\system32\mswsock.dll
0x00007ff931570000 - 0x00007ff931586000 	C:\Program Files\Java\jdk-19\bin\nio.dll
0x00007ff9451a0000 - 0x00007ff9451ba000 	C:\Program Files\JetBrains\IntelliJ IDEA 2023.1\bin\breakgen64.dll
0x00007ff93d1e0000 - 0x00007ff93d1e8000 	C:\Program Files\Java\jdk-19\bin\extnet.dll
0x00007ff950cb0000 - 0x00007ff950d7a000 	C:\WINDOWS\SYSTEM32\DNSAPI.dll
0x00007ff950c70000 - 0x00007ff950cab000 	C:\WINDOWS\SYSTEM32\IPHLPAPI.DLL
0x00007ff9526d0000 - 0x00007ff9526d8000 	C:\WINDOWS\System32\NSI.dll
0x00007ff948770000 - 0x00007ff94877a000 	C:\Windows\System32\rasadhlp.dll
0x00007ff947c60000 - 0x00007ff947ce0000 	C:\WINDOWS\System32\fwpuclnt.dll
0x00007ff9520f0000 - 0x00007ff952117000 	C:\WINDOWS\System32\bcrypt.dll
0x00007ff951170000 - 0x00007ff951188000 	C:\WINDOWS\SYSTEM32\CRYPTSP.dll
0x00007ff9508a0000 - 0x00007ff9508d4000 	C:\WINDOWS\system32\rsaenh.dll
0x00007ff951810000 - 0x00007ff95183e000 	C:\WINDOWS\SYSTEM32\USERENV.dll
0x00007ff951190000 - 0x00007ff95119c000 	C:\WINDOWS\SYSTEM32\CRYPTBASE.dll
0x00007ff94afc0000 - 0x00007ff94afd7000 	C:\WINDOWS\SYSTEM32\dhcpcsvc6.DLL
0x00007ff94af30000 - 0x00007ff94af4d000 	C:\WINDOWS\SYSTEM32\dhcpcsvc.DLL
0x00007ff9451d0000 - 0x00007ff9451de000 	C:\Program Files\Java\jdk-19\bin\sunmscapi.dll
0x00007ff951910000 - 0x00007ff951a66000 	C:\WINDOWS\System32\CRYPT32.dll
0x00007ff951290000 - 0x00007ff9512b7000 	C:\WINDOWS\SYSTEM32\ncrypt.dll
0x00007ff951250000 - 0x00007ff95128b000 	C:\WINDOWS\SYSTEM32\NTASN1.dll

dbghelp: loaded successfully - version: 4.0.5 - missing functions: none
symbol engine: initialized successfully - sym options: 0x614 - pdb path: .;C:\Program Files\Java\jdk-19\bin;C:\WINDOWS\SYSTEM32;C:\WINDOWS\WinSxS\amd64_microsoft.windows.common-controls_6595b64144ccf1df_6.0.19041.1110_none_60b5254171f9507e;C:\Program Files (x86)\360\Total Security\safemon;C:\Program Files\Java\jdk-19\bin\server;C:\Program Files\JetBrains\IntelliJ IDEA 2023.1\bin

VM Arguments:
jvm_args: -javaagent:C:\Program Files\JetBrains\IntelliJ IDEA 2023.1\lib\idea_rt.jar=14152:C:\Program Files\JetBrains\IntelliJ IDEA 2023.1\bin -Dfile.encoding=UTF-8 -Dsun.stdout.encoding=UTF-8 -Dsun.stderr.encoding=UTF-8 
java_command: jm.task.core.jdbc.Main
java_class_path (initial): C:\Users\Chong\IdeaProjects\PP_1_1_3-4_JDBC_Hibernate\target\classes;C:\Users\Chong\.m2\repository\mysql\mysql-connector-java\8.0.25\mysql-connector-java-8.0.25.jar;C:\Users\Chong\.m2\repository\com\google\protobuf\protobuf-java\3.11.4\protobuf-java-3.11.4.jar;C:\Users\Chong\.m2\repository\org\hibernate\javax\persistence\hibernate-jpa-2.1-api\1.0.2.Final\hibernate-jpa-2.1-api-1.0.2.Final.jar;C:\Users\Chong\.m2\repository\org\hibernate\hibernate-core\5.6.3.Final\hibernate-core-5.6.3.Final.jar;C:\Users\Chong\.m2\repository\org\jboss\logging\jboss-logging\3.4.2.Final\jboss-logging-3.4.2.Final.jar;C:\Users\Chong\.m2\repository\javax\persistence\javax.persistence-api\2.2\javax.persistence-api-2.2.jar;C:\Users\Chong\.m2\repository\net\bytebuddy\byte-buddy\1.11.20\byte-buddy-1.11.20.jar;C:\Users\Chong\.m2\repository\antlr\antlr\2.7.7\antlr-2.7.7.jar;C:\Users\Chong\.m2\repository\org\jboss\spec\javax\transaction\jboss-transaction-api_1.2_spec\1.1.1.Final\jboss-transaction-api_1.2_spec-1.1.1.Final.jar;C:\Users\Chong\.m2\repository\org\jboss\jandex\2.2.3.Final\jandex-2.2.3.Final.jar;C:\Users\Chong\.m2\repository\com\fasterxml\classmate\1.5.1\classmate-1.5.1.jar;C:\Users\Chong\.m2\repository\javax\activation\javax.activation-api\1.2.0\javax.activation-api-1.2.0.jar;C:\Users\Chong\.m2\repository\org\hibernate\common\hibernate-commons-annotations\5.1.2.Final\hibernate-commons-annotations-5.1.2.Final.jar;C:\Users\Chong\.m2\repository\javax\xml\bind\jaxb-api\2.3.1\jaxb-api-2.3.1.jar;C:\Users\Chong\.m2\repository\org\glassfish\jaxb\jaxb-runtime\2.3.1\jaxb-runtime-2.3.1.jar;C:\Users\Chong\.m2\repository\org\glassfish\jaxb\txw2\2.3.1\txw2-2.3.1.jar;C:\Users\Chong\.m2\repository\com\sun\istack\istack-commons-runtime\3.0.7\istack-commons-runtime-3.0.7.jar;C:\Users\Chong\.m2\repository\org\jvnet\staxex\stax-ex\1.8\stax-ex-1.8.jar;C:\Users\Chong\.m2\repository\com\sun\xml\fastinfoset\FastInfoset\1.2.15\FastInfoset-1.2.15.jar
Launcher Type: SUN_STANDARD

[Global flags]
     intx CICompilerCount                          = 3                                         {product} {ergonomic}
     uint ConcGCThreads                            = 1                                         {product} {ergonomic}
     uint G1ConcRefinementThreads                  = 4                                         {product} {ergonomic}
   size_t G1HeapRegionSize                         = 1048576                                   {product} {ergonomic}
    uintx GCDrainStackTargetSize                   = 64                                        {product} {ergonomic}
   size_t InitialHeapSize                          = 134217728                                 {product} {ergonomic}
   size_t MarkStackSize                            = 4194304                                   {product} {ergonomic}
   size_t MaxHeapSize                              = 2136997888                                {product} {ergonomic}
   size_t MaxNewSize                               = 1281359872                                {product} {ergonomic}
   size_t MinHeapDeltaBytes                        = 1048576                                   {product} {ergonomic}
   size_t MinHeapSize                              = 8388608                                   {product} {ergonomic}
    uintx NonNMethodCodeHeapSize                   = 5832780                                {pd product} {ergonomic}
    uintx NonProfiledCodeHeapSize                  = 122912730                              {pd product} {ergonomic}
    uintx ProfiledCodeHeapSize                     = 122912730                              {pd product} {ergonomic}
    uintx ReservedCodeCacheSize                    = 251658240                              {pd product} {ergonomic}
     bool SegmentedCodeCache                       = true                                      {product} {ergonomic}
   size_t SoftMaxHeapSize                          = 2136997888                             {manageable} {ergonomic}
     bool UseCompressedClassPointers               = true                           {product lp64_product} {ergonomic}
     bool UseCompressedOops                        = true                           {product lp64_product} {ergonomic}
     bool UseG1GC                                  = true                                      {product} {ergonomic}
     bool UseLargePagesIndividualAllocation        = false                                  {pd product} {ergonomic}

Logging:
Log output configuration:
 #0: stdout all=warning uptime,level,tags foldmultilines=false
 #1: stderr all=off uptime,level,tags foldmultilines=false

Environment Variables:
JAVA_HOME=C:\Program Files\Java\jdk-19
PATH=C:\Program Files\Common Files\Oracle\Java\javapath;C:\Python39\Scripts\;C:\Python39\;C:\WINDOWS\system32;C:\WINDOWS;C:\WINDOWS\System32\Wbem;C:\WINDOWS\System32\WindowsPowerShell\v1.0\;C:\Program Files (x86)\NVIDIA Corporation\PhysX\Common;C:\WINDOWS\system32;C:\WINDOWS;C:\WINDOWS\System32\Wbem;C:\WINDOWS\System32\WindowsPowerShell\v1.0\;C:\WINDOWS\System32\OpenSSH\;C:\Program Files\NVIDIA Corporation\NVIDIA NvDLISR;C:\Program Files\Java\jdk-19\bin;C:\Program Files\Git\cmd;C:\Program Files (x86)\apache-maven-3.9.1\bin;C:\Windows\System32;C:\Program Files\MySQL\MySQL Shell 8.0\bin\;C:\Users\Chong\AppData\Local\Microsoft\WindowsApps;;C:\Program Files\JetBrains\IntelliJ IDEA Community Edition 2022.3.1\bin;
USERNAME=Chong
OS=Windows_NT
PROCESSOR_IDENTIFIER=Intel64 Family 6 Model 94 Stepping 3, GenuineIntel
TMP=C:\Users\Chong\AppData\Local\Temp
TEMP=C:\Users\Chong\AppData\Local\Temp



---------------  S Y S T E M  ---------------

OS:
 Windows 10 , 64 bit Build 19041 (10.0.19041.2251)
OS uptime: 0 days 5:05 hours

CPU: total 4 (initial active 4) (2 cores per cpu, 2 threads per core) family 6 model 94 stepping 3 microcode 0xcc, cx8, cmov, fxsr, ht, mmx, 3dnowpref, sse, sse2, sse3, ssse3, sse4.1, sse4.2, popcnt, lzcnt, tsc, tscinvbit, avx, avx2, aes, erms, clmul, bmi1, bmi2, adx, fma, vzeroupper, clflush, clflushopt, rdtscp

Memory: 4k page, system-wide physical 8150M (1478M free)
TotalPageFile size 14750M (AvailPageFile size 2M)
current process WorkingSet (physical memory assigned to process): 72M, peak: 73M
current process commit charge ("private bytes"): 219M, peak: 220M

vm_info: Java HotSpot(TM) 64-Bit Server VM (19.0.2+7-44) for windows-amd64 JRE (19.0.2+7-44), built on 2022-11-30T18:02:09Z by "mach5one" with MS VC++ 17.1 (VS2022)

END.
